XRTestApp/Library/Bee/Android/Prj/Mono2x/Gradle/unityLibrary/build/intermediates/manifest_merge_blame_file/release/manifest-merger-blame-release-report.txt
1<?xml version="1.0" encoding="utf-8"?>
2<manifest xmlns:android="http://schemas.android.com/apk/res/android"
3    xmlns:tools="http://schemas.android.com/tools"
4    package="com.unity3d.player"
5    android:installLocation="auto" >
6
7    <uses-sdk
8        android:minSdkVersion="23"
8-->src/main/AndroidManifest.xml
9        android:targetSdkVersion="32" />
9-->src/main/AndroidManifest.xml
10
11    <supports-gl-texture android:name="GL_KHR_texture_compression_astc_ldr" />
11-->src/main/AndroidManifest.xml:3:3-77
11-->src/main/AndroidManifest.xml:3:24-74
12
13    <uses-permission android:name="android.permission.INTERNET" />
13-->src/main/AndroidManifest.xml:4:3-65
13-->src/main/AndroidManifest.xml:4:20-62
14
15    <uses-feature android:glEsVersion="0x00030000" />
15-->src/main/AndroidManifest.xml:5:3-52
15-->src/main/AndroidManifest.xml:5:17-49
16    <uses-feature
16-->src/main/AndroidManifest.xml:6:3-91
17        android:name="android.hardware.vulkan.version"
17-->src/main/AndroidManifest.xml:6:17-63
18        android:required="false" />
18-->src/main/AndroidManifest.xml:6:64-88
19    <uses-feature
19-->src/main/AndroidManifest.xml:7:3-88
20        android:name="android.hardware.touchscreen"
20-->src/main/AndroidManifest.xml:7:17-60
21        android:required="false" />
21-->src/main/AndroidManifest.xml:7:61-85
22    <uses-feature
22-->src/main/AndroidManifest.xml:8:3-99
23        android:name="android.hardware.touchscreen.multitouch"
23-->src/main/AndroidManifest.xml:8:17-71
24        android:required="false" />
24-->src/main/AndroidManifest.xml:8:72-96
25    <uses-feature
25-->src/main/AndroidManifest.xml:9:3-108
26        android:name="android.hardware.touchscreen.multitouch.distinct"
26-->src/main/AndroidManifest.xml:9:17-80
27        android:required="false" />
27-->src/main/AndroidManifest.xml:9:81-105
28    <uses-feature
28-->src/main/AndroidManifest.xml:33:3-111
29        android:name="android.hardware.vr.headtracking"
29-->src/main/AndroidManifest.xml:33:17-64
30        android:required="true"
30-->src/main/AndroidManifest.xml:33:65-88
31        android:version="1" />
31-->src/main/AndroidManifest.xml:33:89-108
32
33    <application android:extractNativeLibs="true" >
33-->src/main/AndroidManifest.xml:10:3-32:17
33-->src/main/AndroidManifest.xml:10:16-48
34        <meta-data
34-->src/main/AndroidManifest.xml:11:5-69
35            android:name="unity.splash-mode"
35-->src/main/AndroidManifest.xml:11:16-48
36            android:value="0" />
36-->src/main/AndroidManifest.xml:11:49-66
37        <meta-data
37-->src/main/AndroidManifest.xml:12:5-74
38            android:name="unity.splash-enable"
38-->src/main/AndroidManifest.xml:12:16-50
39            android:value="True" />
39-->src/main/AndroidManifest.xml:12:51-71
40        <meta-data
40-->src/main/AndroidManifest.xml:13:5-78
41            android:name="unity.launch-fullscreen"
41-->src/main/AndroidManifest.xml:13:16-54
42            android:value="True" />
42-->src/main/AndroidManifest.xml:13:55-75
43        <meta-data
43-->src/main/AndroidManifest.xml:14:5-84
44            android:name="unity.allow-resizable-window"
44-->src/main/AndroidManifest.xml:14:16-59
45            android:value="False" />
45-->src/main/AndroidManifest.xml:14:60-81
46        <meta-data
46-->src/main/AndroidManifest.xml:15:5-81
47            android:name="notch.config"
47-->src/main/AndroidManifest.xml:15:16-43
48            android:value="portrait|landscape" />
48-->src/main/AndroidManifest.xml:15:44-78
49        <meta-data
49-->src/main/AndroidManifest.xml:16:5-84
50            android:name="unity.auto-report-fully-drawn"
50-->src/main/AndroidManifest.xml:16:16-60
51            android:value="true" />
51-->src/main/AndroidManifest.xml:16:61-81
52
53        <activity
53-->src/main/AndroidManifest.xml:17:5-26:16
54            android:name="com.unity3d.player.UnityPlayerActivity"
54-->src/main/AndroidManifest.xml:17:15-68
55            android:configChanges="keyboard|keyboardHidden|navigation|orientation|screenLayout|screenSize|uiMode"
55-->src/main/AndroidManifest.xml:17:204-305
56            android:exported="true"
56-->src/main/AndroidManifest.xml:17:377-400
57            android:hardwareAccelerated="false"
57-->src/main/AndroidManifest.xml:17:341-376
58            android:launchMode="singleTask"
58-->src/main/AndroidManifest.xml:17:172-203
59            android:resizeableActivity="false"
59-->src/main/AndroidManifest.xml:17:306-340
60            android:screenOrientation="landscape"
60-->src/main/AndroidManifest.xml:17:134-171
61            android:theme="@android:style/Theme.Black.NoTitleBar.Fullscreen" >
61-->src/main/AndroidManifest.xml:17:69-133
62            <intent-filter>
62-->src/main/AndroidManifest.xml:18:7-22:23
63                <category android:name="android.intent.category.LAUNCHER" />
63-->src/main/AndroidManifest.xml:19:9-69
63-->src/main/AndroidManifest.xml:19:19-66
64
65                <action android:name="android.intent.action.MAIN" />
65-->src/main/AndroidManifest.xml:20:9-61
65-->src/main/AndroidManifest.xml:20:17-58
66
67                <category android:name="com.oculus.intent.category.VR" />
67-->src/main/AndroidManifest.xml:21:9-66
67-->src/main/AndroidManifest.xml:21:19-63
68            </intent-filter>
69
70            <meta-data
70-->src/main/AndroidManifest.xml:23:7-82
71                android:name="unityplayer.UnityActivity"
71-->src/main/AndroidManifest.xml:23:18-58
72                android:value="true" />
72-->src/main/AndroidManifest.xml:23:59-79
73            <meta-data
73-->src/main/AndroidManifest.xml:24:7-70
74                android:name="notch_support"
74-->src/main/AndroidManifest.xml:24:18-46
75                android:value="true" />
75-->src/main/AndroidManifest.xml:24:47-67
76            <meta-data
76-->src/main/AndroidManifest.xml:25:7-81
77                android:name="com.oculus.vr.focusaware"
77-->src/main/AndroidManifest.xml:25:18-57
78                android:value="true" />
78-->src/main/AndroidManifest.xml:25:58-78
79        </activity>
80
81        <meta-data
81-->src/main/AndroidManifest.xml:27:5-97
82            android:name="com.samsung.android.vr.application.mode"
82-->src/main/AndroidManifest.xml:27:16-70
83            android:value="vr_only" />
83-->src/main/AndroidManifest.xml:27:71-94
84        <meta-data
84-->src/main/AndroidManifest.xml:28:5-91
85            android:name="com.unity.xr.oculus.LowOverheadMode"
85-->src/main/AndroidManifest.xml:28:16-66
86            android:value="false" />
86-->src/main/AndroidManifest.xml:28:67-88
87        <meta-data
87-->src/main/AndroidManifest.xml:29:5-88
88            android:name="com.unity.xr.oculus.LateLatching"
88-->src/main/AndroidManifest.xml:29:16-63
89            android:value="false" />
89-->src/main/AndroidManifest.xml:29:64-85
90        <meta-data
90-->src/main/AndroidManifest.xml:30:5-93
91            android:name="com.unity.xr.oculus.LateLatchingDebug"
91-->src/main/AndroidManifest.xml:30:16-68
92            android:value="false" />
92-->src/main/AndroidManifest.xml:30:69-90
93        <meta-data
93-->src/main/AndroidManifest.xml:31:5-84
94            android:name="com.oculus.supportedDevices"
94-->src/main/AndroidManifest.xml:31:16-58
95            android:value="quest2" />
95-->src/main/AndroidManifest.xml:31:59-81
96    </application>
97
98</manifest>